app/build/intermediates/manifest_merge_blame_file/release/manifest-merger-blame-release-report.txt
1<?xml version="1.0" encoding="utf-8"?>
2<manifest xmlns:android="http://schemas.android.com/apk/res/android"
3    package="com.android.UniPlugin"
4    android:versionCode="1"
5    android:versionName="1.0" >
6
7    <uses-sdk
8        android:minSdkVersion="21"
8-->src\main\AndroidManifest.xml
9        android:targetSdkVersion="30" />
9-->src\main\AndroidManifest.xml
10
11    <supports-screens
11-->src\main\AndroidManifest.xml:6:5-11:39
12        android:anyDensity="true"
12-->src\main\AndroidManifest.xml:7:9-34
13        android:largeScreens="true"
13-->src\main\AndroidManifest.xml:8:9-36
14        android:normalScreens="true"
14-->src\main\AndroidManifest.xml:9:9-37
15        android:resizeable="true"
15-->src\main\AndroidManifest.xml:10:9-34
16        android:smallScreens="true" />
16-->src\main\AndroidManifest.xml:11:9-36
17
18    <!-- Barcode(二维码)  begin -->
19    <uses-permission android:name="android.permission.CAMERA" />
19-->src\main\AndroidManifest.xml:14:5-65
19-->src\main\AndroidManifest.xml:14:22-62
20    <uses-permission android:name="android.permission.WRITE_EXTERNAL_STORAGE" />
20-->src\main\AndroidManifest.xml:15:5-81
20-->src\main\AndroidManifest.xml:15:22-78
21
22    <uses-feature android:name="android.hardware.camera" />
22-->src\main\AndroidManifest.xml:17:5-60
22-->src\main\AndroidManifest.xml:17:19-57
23    <uses-feature android:name="android.hardware.camera.autofocus" />
23-->src\main\AndroidManifest.xml:18:5-70
23-->src\main\AndroidManifest.xml:18:19-67
24
25    <uses-permission android:name="android.permission.VIBRATE" />
25-->src\main\AndroidManifest.xml:20:5-66
25-->src\main\AndroidManifest.xml:20:22-63
26    <uses-permission android:name="android.permission.FLASHLIGHT" />
26-->src\main\AndroidManifest.xml:21:5-69
26-->src\main\AndroidManifest.xml:21:22-66
27    <uses-permission android:name="android.permission.INTERNET" />
27-->[lib.5plus.base-release.aar] AndroidManifest.xml:17:5-67
27-->[lib.5plus.base-release.aar] AndroidManifest.xml:17:22-64
28    <uses-permission android:name="android.permission.ACCESS_NETWORK_STATE" />
28-->[lib.5plus.base-release.aar] AndroidManifest.xml:18:5-79
28-->[lib.5plus.base-release.aar] AndroidManifest.xml:18:22-76
29    <!--
30    <uses-permission
31        android:name="com.android.launcher.permission.UNINSTALL_SHORTCUT" />
32    -->
33    <!-- 华为修改角标需要设置权限 -->
34    <uses-permission android:name="com.huawei.android.launcher.permission.CHANGE_BADGE" /> <!-- vivo 修改角标需要设置权限 -->
34-->[lib.5plus.base-release.aar] AndroidManifest.xml:24:5-91
34-->[lib.5plus.base-release.aar] AndroidManifest.xml:24:22-88
35    <uses-permission android:name="com.vivo.notification.permission.BADGE_ICON" />
35-->[lib.5plus.base-release.aar] AndroidManifest.xml:26:5-83
35-->[lib.5plus.base-release.aar] AndroidManifest.xml:26:22-80
36
37    <queries>
37-->[lib.5plus.base-release.aar] AndroidManifest.xml:28:5-37:15
38        <intent>
38-->[lib.5plus.base-release.aar] AndroidManifest.xml:29:9-31:18
39            <action android:name="android.intent.action.MAIN" />
39-->src\main\AndroidManifest.xml:55:17-68
39-->src\main\AndroidManifest.xml:55:25-66
40        </intent>
41        <intent>
41-->[lib.5plus.base-release.aar] AndroidManifest.xml:32:9-36:18
42            <action android:name="android.intent.action.VIEW" />
42-->src\main\AndroidManifest.xml:44:17-68
42-->src\main\AndroidManifest.xml:44:25-66
43
44            <category android:name="android.intent.category.DEFAULT" />
44-->src\main\AndroidManifest.xml:46:17-75
44-->src\main\AndroidManifest.xml:46:27-73
45        </intent>
46    </queries>
47
48    <uses-permission android:name="android.permission.READ_EXTERNAL_STORAGE" />
49    <uses-permission android:name="com.asus.msa.SupplementaryDID.ACCESS" />
49-->[oaid_sdk_1.0.25.aar] AndroidManifest.xml:13:5-76
49-->[oaid_sdk_1.0.25.aar] AndroidManifest.xml:13:22-73
50    <uses-permission android:name="freemme.permission.msa" /> <!-- Barcode(二维码)  end -->
50-->[oaid_sdk_1.0.25.aar] AndroidManifest.xml:15:5-62
50-->[oaid_sdk_1.0.25.aar] AndroidManifest.xml:15:22-59
51    <application
51-->src\main\AndroidManifest.xml:24:5-90:19
52        android:name="io.dcloud.application.DCloudApplication"
52-->src\main\AndroidManifest.xml:25:9-63
53        android:allowBackup="true"
53-->src\main\AndroidManifest.xml:26:9-35
54        android:allowClearUserData="true"
54-->src\main\AndroidManifest.xml:27:9-42
55        android:appComponentFactory="androidx.core.app.CoreComponentFactory"
55-->[androidx.core:core:1.3.1] AndroidManifest.xml:24:18-86
56        android:debuggable="true"
56-->src\main\AndroidManifest.xml:31:9-34
57        android:extractNativeLibs="true"
57-->[uniapp-v8-release.aar] AndroidManifest.xml:29:18-50
58        android:icon="@drawable/icon"
58-->src\main\AndroidManifest.xml:28:9-38
59        android:label="@string/app_name"
59-->src\main\AndroidManifest.xml:29:9-41
60        android:largeHeap="true"
60-->src\main\AndroidManifest.xml:30:9-33
61        android:supportsRtl="true"
61-->src\main\AndroidManifest.xml:32:9-35
62        android:usesCleartextTraffic="true" >
62-->[lib.5plus.base-release.aar] AndroidManifest.xml:172:9-44
63
64        <!-- 应用入口 -->
65        <activity
65-->src\main\AndroidManifest.xml:36:9-58:20
66            android:name="io.dcloud.PandoraEntry"
66-->src\main\AndroidManifest.xml:37:13-50
67            android:configChanges="orientation|keyboardHidden|screenSize|mcc|mnc|fontScale"
67-->src\main\AndroidManifest.xml:39:13-92
68            android:hardwareAccelerated="true"
68-->src\main\AndroidManifest.xml:40:13-47
69            android:theme="@style/TranslucentTheme"
69-->src\main\AndroidManifest.xml:38:13-52
70            android:windowSoftInputMode="adjustResize" >
70-->src\main\AndroidManifest.xml:41:13-55
71            <intent-filter>
71-->src\main\AndroidManifest.xml:42:13-48:29
72                <data android:scheme="hbuilder" />
72-->src\main\AndroidManifest.xml:43:17-50
72-->src\main\AndroidManifest.xml:43:23-48
73
74                <action android:name="android.intent.action.VIEW" />
74-->src\main\AndroidManifest.xml:44:17-68
74-->src\main\AndroidManifest.xml:44:25-66
75
76                <category android:name="android.intent.category.DEFAULT" />
76-->src\main\AndroidManifest.xml:46:17-75
76-->src\main\AndroidManifest.xml:46:27-73
77                <category android:name="android.intent.category.BROWSABLE" />
77-->src\main\AndroidManifest.xml:47:17-77
77-->src\main\AndroidManifest.xml:47:27-75
78            </intent-filter>
79            <intent-filter>
79-->src\main\AndroidManifest.xml:49:13-53:29
80                <data android:mimeType="image/*" />
80-->src\main\AndroidManifest.xml:43:17-50
80-->src\main\AndroidManifest.xml:50:23-49
81
82                <action android:name="android.intent.action.SEND" />
82-->src\main\AndroidManifest.xml:51:17-68
82-->src\main\AndroidManifest.xml:51:25-66
83
84                <category android:name="android.intent.category.DEFAULT" />
84-->src\main\AndroidManifest.xml:46:17-75
84-->src\main\AndroidManifest.xml:46:27-73
85            </intent-filter>
86            <intent-filter>
86-->src\main\AndroidManifest.xml:54:13-57:29
87                <action android:name="android.intent.action.MAIN" />
87-->src\main\AndroidManifest.xml:55:17-68
87-->src\main\AndroidManifest.xml:55:25-66
88
89                <category android:name="android.intent.category.LAUNCHER" />
89-->src\main\AndroidManifest.xml:56:17-76
89-->src\main\AndroidManifest.xml:56:27-74
90            </intent-filter>
91        </activity>
92
93        <meta-data
93-->src\main\AndroidManifest.xml:59:9-60:35
94            android:name="dcloud_uninview_background"
94-->src\main\AndroidManifest.xml:59:20-61
95            android:value="true" />
95-->src\main\AndroidManifest.xml:60:13-33
96
97        <activity
97-->src\main\AndroidManifest.xml:62:9-86:20
98            android:name="io.dcloud.PandoraEntryActivity"
98-->src\main\AndroidManifest.xml:63:13-58
99            android:configChanges="orientation|keyboardHidden|screenSize|mcc|mnc|fontScale|keyboard|smallestScreenSize|screenLayout|screenSize"
99-->src\main\AndroidManifest.xml:65:13-144
100            android:hardwareAccelerated="true"
100-->src\main\AndroidManifest.xml:66:13-47
101            android:launchMode="singleTask"
101-->src\main\AndroidManifest.xml:64:13-44
102            android:permission="com.miui.securitycenter.permission.AppPermissionsEditor"
102-->src\main\AndroidManifest.xml:67:13-89
103            android:screenOrientation="user"
103-->src\main\AndroidManifest.xml:68:13-45
104            android:theme="@style/DCloudTheme"
104-->src\main\AndroidManifest.xml:69:13-47
105            android:windowSoftInputMode="adjustResize" >
105-->src\main\AndroidManifest.xml:70:13-55
106            <intent-filter>
106-->src\main\AndroidManifest.xml:72:13-85:29
107                <category android:name="android.intent.category.DEFAULT" />
107-->src\main\AndroidManifest.xml:46:17-75
107-->src\main\AndroidManifest.xml:46:27-73
108                <category android:name="android.intent.category.BROWSABLE" />
108-->src\main\AndroidManifest.xml:47:17-77
108-->src\main\AndroidManifest.xml:47:27-75
109
110                <action android:name="android.intent.action.VIEW" />
110-->src\main\AndroidManifest.xml:44:17-68
110-->src\main\AndroidManifest.xml:44:25-66
111
112                <data android:scheme=" " />
112-->src\main\AndroidManifest.xml:43:17-50
112-->src\main\AndroidManifest.xml:43:23-48
113            </intent-filter>
114        </activity>
115
116        <meta-data
116-->src\main\AndroidManifest.xml:87:9-89:64
117            android:name="dcloud_appkey"
117-->src\main\AndroidManifest.xml:88:13-41
118            android:value="93633d593224fdac379581f34d3c14a2" />
118-->src\main\AndroidManifest.xml:89:13-61
119        <!--
120        <activity
121            android:name="io.dcloud.imagepick.CustomGalleryActivity"
122            android:noHistory="true"
123            android:exported="false"/>
124        -->
125        <activity
125-->[lib.5plus.base-release.aar] AndroidManifest.xml:181:9-187:58
126            android:name="io.dcloud.feature.nativeObj.photoview.PhotoActivity"
126-->[lib.5plus.base-release.aar] AndroidManifest.xml:182:13-79
127            android:configChanges="orientation|keyboardHidden"
127-->[lib.5plus.base-release.aar] AndroidManifest.xml:183:13-63
128            android:exported="false"
128-->[lib.5plus.base-release.aar] AndroidManifest.xml:184:13-37
129            android:noHistory="false"
129-->[lib.5plus.base-release.aar] AndroidManifest.xml:185:13-38
130            android:screenOrientation="behind"
130-->[lib.5plus.base-release.aar] AndroidManifest.xml:186:13-47
131            android:theme="@style/DeviceDefault.Light" />
131-->[lib.5plus.base-release.aar] AndroidManifest.xml:187:13-55
132        <activity
132-->[lib.5plus.base-release.aar] AndroidManifest.xml:188:9-197:58
133            android:name="io.dcloud.WebAppActivity"
133-->[lib.5plus.base-release.aar] AndroidManifest.xml:189:13-52
134            android:configChanges="orientation|keyboard|keyboardHidden|smallestScreenSize|screenLayout|screenSize|mcc|mnc|fontScale|navigation"
134-->[lib.5plus.base-release.aar] AndroidManifest.xml:190:13-144
135            android:hardwareAccelerated="true"
135-->[lib.5plus.base-release.aar] AndroidManifest.xml:191:13-47
136            android:icon="@drawable/dcloud_recent"
136-->[lib.5plus.base-release.aar] AndroidManifest.xml:192:13-51
137            android:label="@string/stream_my"
137-->[lib.5plus.base-release.aar] AndroidManifest.xml:193:13-46
138            android:launchMode="singleTask"
138-->[lib.5plus.base-release.aar] AndroidManifest.xml:194:13-44
139            android:screenOrientation="portrait"
139-->[lib.5plus.base-release.aar] AndroidManifest.xml:195:13-49
140            android:theme="@style/DCloudTheme"
140-->[lib.5plus.base-release.aar] AndroidManifest.xml:196:13-47
141            android:windowSoftInputMode="adjustResize" />
141-->[lib.5plus.base-release.aar] AndroidManifest.xml:197:13-55
142        <activity
142-->[lib.5plus.base-release.aar] AndroidManifest.xml:198:9-202:75
143            android:name="io.dcloud.ProcessMediator"
143-->[lib.5plus.base-release.aar] AndroidManifest.xml:199:13-53
144            android:excludeFromRecents="true"
144-->[lib.5plus.base-release.aar] AndroidManifest.xml:200:13-46
145            android:exported="false"
145-->[lib.5plus.base-release.aar] AndroidManifest.xml:201:13-37
146            android:theme="@android:style/Theme.Translucent.NoTitleBar" />
146-->[lib.5plus.base-release.aar] AndroidManifest.xml:202:13-72
147        <activity
147-->[lib.5plus.base-release.aar] AndroidManifest.xml:203:9-209:20
148            android:name="io.dcloud.WebviewActivity"
148-->[lib.5plus.base-release.aar] AndroidManifest.xml:204:13-53
149            android:exported="false"
149-->[lib.5plus.base-release.aar] AndroidManifest.xml:205:13-37
150            android:screenOrientation="portrait"
150-->[lib.5plus.base-release.aar] AndroidManifest.xml:206:13-49
151            android:theme="@style/ThemeNoTitleBar"
151-->[lib.5plus.base-release.aar] AndroidManifest.xml:207:13-51
152            android:windowSoftInputMode="adjustPan" >
152-->[lib.5plus.base-release.aar] AndroidManifest.xml:208:13-52
153        </activity>
154
155        <receiver
155-->[lib.5plus.base-release.aar] AndroidManifest.xml:211:9-219:20
156            android:name="io.dcloud.common.adapter.io.DownloadReceiver"
156-->[lib.5plus.base-release.aar] AndroidManifest.xml:212:13-72
157            android:exported="false" >
157-->[lib.5plus.base-release.aar] AndroidManifest.xml:213:13-37
158            <intent-filter>
158-->[lib.5plus.base-release.aar] AndroidManifest.xml:214:13-218:29
159                <action android:name="android.intent.action.PACKAGE_ADDED" />
159-->[lib.5plus.base-release.aar] AndroidManifest.xml:215:17-78
159-->[lib.5plus.base-release.aar] AndroidManifest.xml:215:25-75
160
161                <data android:scheme="package" /> <!-- HERE! -->
161-->src\main\AndroidManifest.xml:43:17-50
161-->src\main\AndroidManifest.xml:43:23-48
162            </intent-filter>
163        </receiver> <!-- gallery******start -->
164        <activity
164-->[lib.5plus.base-release.aar] AndroidManifest.xml:222:9-227:63
165            android:name="com.dmcbig.mediapicker.PickerActivity"
165-->[lib.5plus.base-release.aar] AndroidManifest.xml:223:13-65
166            android:configChanges="orientation|screenSize"
166-->[lib.5plus.base-release.aar] AndroidManifest.xml:224:13-59
167            android:exported="false"
167-->[lib.5plus.base-release.aar] AndroidManifest.xml:225:13-37
168            android:theme="@style/DeviceDefault.Light"
168-->[lib.5plus.base-release.aar] AndroidManifest.xml:226:13-55
169            android:windowSoftInputMode="stateAlwaysHidden" />
169-->[lib.5plus.base-release.aar] AndroidManifest.xml:227:13-60
170        <activity
170-->[lib.5plus.base-release.aar] AndroidManifest.xml:228:9-233:63
171            android:name="com.dmcbig.mediapicker.PreviewActivity"
171-->[lib.5plus.base-release.aar] AndroidManifest.xml:229:13-66
172            android:configChanges="orientation|screenSize"
172-->[lib.5plus.base-release.aar] AndroidManifest.xml:230:13-59
173            android:exported="false"
173-->[lib.5plus.base-release.aar] AndroidManifest.xml:231:13-37
174            android:theme="@style/DeviceDefault.Light"
174-->[lib.5plus.base-release.aar] AndroidManifest.xml:232:13-55
175            android:windowSoftInputMode="stateAlwaysHidden" /> <!-- gallery******end -->
175-->[lib.5plus.base-release.aar] AndroidManifest.xml:233:13-60
176        <provider
176-->[lib.5plus.base-release.aar] AndroidManifest.xml:236:9-244:20
177            android:name="io.dcloud.common.util.DCloud_FileProvider"
177-->[lib.5plus.base-release.aar] AndroidManifest.xml:237:13-69
178            android:authorities="com.android.UniPlugin.dc.fileprovider"
178-->[lib.5plus.base-release.aar] AndroidManifest.xml:238:13-67
179            android:exported="false"
179-->[lib.5plus.base-release.aar] AndroidManifest.xml:239:13-37
180            android:grantUriPermissions="true" >
180-->[lib.5plus.base-release.aar] AndroidManifest.xml:240:13-47
181            <meta-data
181-->[lib.5plus.base-release.aar] AndroidManifest.xml:241:13-243:64
182                android:name="android.support.FILE_PROVIDER_PATHS"
182-->[lib.5plus.base-release.aar] AndroidManifest.xml:242:17-67
183                android:resource="@xml/dcloud_file_provider" />
183-->[lib.5plus.base-release.aar] AndroidManifest.xml:243:17-61
184        </provider>
185        <!--
186            <meta-data
187            android:name="DCLOUD_STREAMAPP_CHANNEL"
188            android:value="io.dcloud.%APPID%|%APPID%|" />
189        -->
190        <meta-data
190-->[lib.5plus.base-release.aar] AndroidManifest.xml:251:9-253:35
191            android:name="android.max_aspect"
191-->[lib.5plus.base-release.aar] AndroidManifest.xml:252:13-46
192            android:value="2.4" />
192-->[lib.5plus.base-release.aar] AndroidManifest.xml:253:13-32
193
194        <activity
194-->[lib.5plus.base-release.aar] AndroidManifest.xml:255:9-260:63
195            android:name="io.dcloud.feature.gallery.imageedit.IMGEditActivity"
195-->[lib.5plus.base-release.aar] AndroidManifest.xml:256:13-79
196            android:configChanges="orientation|keyboardHidden|screenSize"
196-->[lib.5plus.base-release.aar] AndroidManifest.xml:257:13-74
197            android:exported="false"
197-->[lib.5plus.base-release.aar] AndroidManifest.xml:258:13-37
198            android:theme="@style/ImageEditTheme"
198-->[lib.5plus.base-release.aar] AndroidManifest.xml:259:13-50
199            android:windowSoftInputMode="stateAlwaysHidden" />
199-->[lib.5plus.base-release.aar] AndroidManifest.xml:260:13-60
200
201        <service
201-->[lib.5plus.base-release.aar] AndroidManifest.xml:262:9-265:72
202            android:name="io.dcloud.ads.base.service.DownloadService"
202-->[lib.5plus.base-release.aar] AndroidManifest.xml:263:13-70
203            android:exported="false"
203-->[lib.5plus.base-release.aar] AndroidManifest.xml:264:13-37
204            android:permission="android.permission.BIND_JOB_SERVICE" />
204-->[lib.5plus.base-release.aar] AndroidManifest.xml:265:13-69
205
206        <receiver
206-->[uniapp-v8-release.aar] AndroidManifest.xml:30:9-34:20
207            android:name="com.taobao.weex.WXGlobalEventReceiver"
207-->[uniapp-v8-release.aar] AndroidManifest.xml:31:13-65
208            android:enabled="true"
208-->[uniapp-v8-release.aar] AndroidManifest.xml:32:13-35
209            android:exported="false" >
209-->[uniapp-v8-release.aar] AndroidManifest.xml:33:13-37
210        </receiver>
211
212        <activity android:name="com.genhesoft.pay_module.TestActivity" />
212-->[:pay_module] AndroidManifest.xml:12:9-74
212-->[:pay_module] AndroidManifest.xml:12:19-71
213        <activity
213-->[:uniplugin_module] AndroidManifest.xml:12:9-14:84
214            android:name="io.dcloud.uniplugin.NativePageActivity"
214-->[:uniplugin_module] AndroidManifest.xml:13:13-66
215            android:theme="@android:style/Theme.DeviceDefault.Light.NoActionBar" />
215-->[:uniplugin_module] AndroidManifest.xml:14:13-81
216    </application>
217
218</manifest>